[1.401s] Invoking command in '/home/ruiszk/ros2_ws/src/mypkg': PYTHONPATH=/home/ruiszk/ros2_ws/build/mypkg/prefix_override:/home/ruiszk/ros2_ws/install/mypkg/lib/python3.10/site-packages:${PYTHONPATH} /usr/bin/python3 setup.py egg_info --egg-base ../../build/mypkg build --build-base /home/ruiszk/ros2_ws/build/mypkg/build install --record /home/ruiszk/ros2_ws/build/mypkg/install.log --single-version-externally-managed
[1.767s] running egg_info
[1.768s] creating ../../build/mypkg/mypkg.egg-info
[1.768s] writing ../../build/mypkg/mypkg.egg-info/PKG-INFO
[1.771s] writing dependency_links to ../../build/mypkg/mypkg.egg-info/dependency_links.txt
[1.774s] writing entry points to ../../build/mypkg/mypkg.egg-info/entry_points.txt
[1.775s] writing requirements to ../../build/mypkg/mypkg.egg-info/requires.txt
[1.776s] writing top-level names to ../../build/mypkg/mypkg.egg-info/top_level.txt
[1.778s] writing manifest file '../../build/mypkg/mypkg.egg-info/SOURCES.txt'
[1.780s] reading manifest file '../../build/mypkg/mypkg.egg-info/SOURCES.txt'
[1.781s] writing manifest file '../../build/mypkg/mypkg.egg-info/SOURCES.txt'
[1.782s] running build
[1.782s] running build_py
[1.782s] creating /home/ruiszk/ros2_ws/build/mypkg/build
[1.783s] creating /home/ruiszk/ros2_ws/build/mypkg/build/lib
[1.783s] creating /home/ruiszk/ros2_ws/build/mypkg/build/lib/mypkg
[1.784s] copying mypkg/listener.py -> /home/ruiszk/ros2_ws/build/mypkg/build/lib/mypkg
[1.785s] copying mypkg/talker.py -> /home/ruiszk/ros2_ws/build/mypkg/build/lib/mypkg
[1.787s] copying mypkg/__init__.py -> /home/ruiszk/ros2_ws/build/mypkg/build/lib/mypkg
[1.788s] running install
[1.795s] /usr/lib/python3/dist-packages/setuptools/command/install.py:34: SetuptoolsDeprecationWarning: setup.py install is deprecated. Use build and pip and other standards-based tools.
[1.796s]   warnings.warn(
[1.796s] running install_lib
[1.797s] creating /home/ruiszk/ros2_ws/install/mypkg/lib/python3.10/site-packages/mypkg
[1.798s] copying /home/ruiszk/ros2_ws/build/mypkg/build/lib/mypkg/listener.py -> /home/ruiszk/ros2_ws/install/mypkg/lib/python3.10/site-packages/mypkg
[1.803s] copying /home/ruiszk/ros2_ws/build/mypkg/build/lib/mypkg/talker.py -> /home/ruiszk/ros2_ws/install/mypkg/lib/python3.10/site-packages/mypkg
[1.809s] copying /home/ruiszk/ros2_ws/build/mypkg/build/lib/mypkg/__init__.py -> /home/ruiszk/ros2_ws/install/mypkg/lib/python3.10/site-packages/mypkg
[1.811s] byte-compiling /home/ruiszk/ros2_ws/install/mypkg/lib/python3.10/site-packages/mypkg/listener.py to listener.cpython-310.pyc
[1.814s] byte-compiling /home/ruiszk/ros2_ws/install/mypkg/lib/python3.10/site-packages/mypkg/talker.py to talker.cpython-310.pyc
[1.818s] byte-compiling /home/ruiszk/ros2_ws/install/mypkg/lib/python3.10/site-packages/mypkg/__init__.py to __init__.cpython-310.pyc
[1.820s] running install_data
[1.822s] creating /home/ruiszk/ros2_ws/install/mypkg/share/ament_index
[1.822s] creating /home/ruiszk/ros2_ws/install/mypkg/share/ament_index/resource_index
[1.822s] creating /home/ruiszk/ros2_ws/install/mypkg/share/ament_index/resource_index/packages
[1.823s] copying resource/mypkg -> /home/ruiszk/ros2_ws/install/mypkg/share/ament_index/resource_index/packages
[1.824s] copying package.xml -> /home/ruiszk/ros2_ws/install/mypkg/share/mypkg
[1.825s] running install_egg_info
[1.827s] Copying ../../build/mypkg/mypkg.egg-info to /home/ruiszk/ros2_ws/install/mypkg/lib/python3.10/site-packages/mypkg-0.0.0-py3.10.egg-info
[1.857s] running install_scripts
[1.881s] writing list of installed files to '/home/ruiszk/ros2_ws/build/mypkg/install.log'
[1.901s] Invoked command in '/home/ruiszk/ros2_ws/src/mypkg' returned '0': PYTHONPATH=/home/ruiszk/ros2_ws/build/mypkg/prefix_override:/home/ruiszk/ros2_ws/install/mypkg/lib/python3.10/site-packages:${PYTHONPATH} /usr/bin/python3 setup.py egg_info --egg-base ../../build/mypkg build --build-base /home/ruiszk/ros2_ws/build/mypkg/build install --record /home/ruiszk/ros2_ws/build/mypkg/install.log --single-version-externally-managed
